d:\ehl\src\datatoehl\ehl.fptdata.save_wx_v0.3\ehl.fptdata.save_wx_v0.2\debug\vc120.pdb
d:\ehl\src\datatoehl\ehl.fptdata.save_wx_v0.3\ehl.fptdata.save_wx_v0.2\debug\vc120.idb
d:\ehl\src\datatoehl\ehl.fptdata.save_wx_v0.3\ehl.fptdata.save_wx_v0.2\debug\ehl.ftpdata.save.obj
d:\ehl\src\datatoehl\ehl.fptdata.save_wx_v0.3\ehl.fptdata.save_wx_v0.2\debug\soapc.obj
d:\ehl\src\datatoehl\ehl.fptdata.save_wx_v0.3\ehl.fptdata.save_wx_v0.2\debug\soapclient.obj
d:\ehl\src\datatoehl\ehl.fptdata.save_wx_v0.3\ehl.fptdata.save_wx_v0.2\debug\stdsoap2.obj
d:\ehl\src\datatoehl\ehl.fptdata.save_wx_v0.3\ehl.fptdata.save_wx_v0.2\debug\webref_wxtracert.obj
d:\ehl\src\datatoehl\ehl.fptdata.save_wx_v0.3\bin\ehl.ftpdata.save.lib
d:\ehl\src\datatoehl\ehl.fptdata.save_wx_v0.3\bin\ehl.ftpdata.save.exp
d:\ehl\src\datatoehl\ehl.fptdata.save_wx_v0.3\bin\ehl.ftpdata.save.ilk
d:\ehl\src\datatoehl\ehl.fptdata.save_wx_v0.3\bin\ehl.ftpdata.save.dll
d:\ehl\src\datatoehl\ehl.fptdata.save_wx_v0.3\bin\ehl.ftpdata.save.map
d:\ehl\src\datatoehl\ehl.fptdata.save_wx_v0.3\bin\ehl.ftpdata.save.pdb
d:\ehl\src\datatoehl\ehl.fptdata.save_wx_v0.3\ehl.fptdata.save_wx_v0.2\debug\ehl.ftpdata.save.res
d:\ehl\src\datatoehl\ehl.fptdata.save_wx_v0.3\ehl.fptdata.save_wx_v0.2\debug\..\..\bin\ehl.ftpdata.save.pdb
d:\ehl\src\datatoehl\ehl.fptdata.save_wx_v0.3\ehl.fptdata.save_wx_v0.2\debug\..\..\bin\ehl.ftpdata.save.dll
d:\ehl\src\datatoehl\ehl.fptdata.save_wx_v0.3\ehl.fptdata.save_wx_v0.2\debug\..\..\bin\ehl.ftpdata.save.ilk
d:\ehl\src\datatoehl\ehl.fptdata.save_wx_v0.3\ehl.fptdata.save_wx_v0.2\debug\ehl.ftpdata.save.tlog\cl.command.1.tlog
d:\ehl\src\datatoehl\ehl.fptdata.save_wx_v0.3\ehl.fptdata.save_wx_v0.2\debug\ehl.ftpdata.save.tlog\cl.read.1.tlog
d:\ehl\src\datatoehl\ehl.fptdata.save_wx_v0.3\ehl.fptdata.save_wx_v0.2\debug\ehl.ftpdata.save.tlog\cl.write.1.tlog
d:\ehl\src\datatoehl\ehl.fptdata.save_wx_v0.3\ehl.fptdata.save_wx_v0.2\debug\ehl.ftpdata.save.tlog\ehl.ftpdata.save.write.1u.tlog
d:\ehl\src\datatoehl\ehl.fptdata.save_wx_v0.3\ehl.fptdata.save_wx_v0.2\debug\ehl.ftpdata.save.tlog\link.command.1.tlog
d:\ehl\src\datatoehl\ehl.fptdata.save_wx_v0.3\ehl.fptdata.save_wx_v0.2\debug\ehl.ftpdata.save.tlog\link.read.1.tlog
d:\ehl\src\datatoehl\ehl.fptdata.save_wx_v0.3\ehl.fptdata.save_wx_v0.2\debug\ehl.ftpdata.save.tlog\link.write.1.tlog
d:\ehl\src\datatoehl\ehl.fptdata.save_wx_v0.3\ehl.fptdata.save_wx_v0.2\debug\ehl.ftpdata.save.tlog\rc.command.1.tlog
d:\ehl\src\datatoehl\ehl.fptdata.save_wx_v0.3\ehl.fptdata.save_wx_v0.2\debug\ehl.ftpdata.save.tlog\rc.read.1.tlog
d:\ehl\src\datatoehl\ehl.fptdata.save_wx_v0.3\ehl.fptdata.save_wx_v0.2\debug\ehl.ftpdata.save.tlog\rc.write.1.tlog
